  Main_prac10.cpp
c:\users\adria\desktop\p11\practica11\practica8\practica8\mesh.h(95): warning C4267: 'argumento': conversión de 'size_t' a 'GLsizei'; posible pérdida de datos
c:\users\adria\desktop\p11\practica11\practica8\practica8\main_prac10.cpp(418): warning C4244: 'inicializando': conversión de 'double' a 'GLfloat'; posible pérdida de datos
c:\users\adria\desktop\p11\practica11\practica8\practica8\main_prac10.cpp(793): warning C4244: '=': conversión de 'double' a 'GLfloat'; posible pérdida de datos
c:\users\adria\desktop\p11\practica11\practica8\practica8\main_prac10.cpp(794): warning C4244: '=': conversión de 'double' a 'GLfloat'; posible pérdida de datos
c:\users\adria\desktop\p11\practica11\practica8\practica8\main_prac10.cpp(798): warning C4244: 'inicializando': conversión de 'double' a 'GLfloat'; posible pérdida de datos
c:\users\adria\desktop\p11\practica11\practica8\practica8\main_prac10.cpp(799): warning C4244: 'inicializando': conversión de 'double' a 'GLfloat'; posible pérdida de datos
c:\users\adria\desktop\p11\practica11\practica8\practica8\main_prac10.cpp(801): warning C4244: '=': conversión de 'double' a 'GLfloat'; posible pérdida de datos
c:\users\adria\desktop\p11\practica11\practica8\practica8\main_prac10.cpp(802): warning C4244: '=': conversión de 'double' a 'GLfloat'; posible pérdida de datos
Main_prac10.obj : error LNK2019: símbolo externo __imp_glewInit sin resolver al que se hace referencia en la función main
Main_prac10.obj : error LNK2019: símbolo externo glfwInit sin resolver al que se hace referencia en la función main
Main_prac10.obj : error LNK2019: símbolo externo glfwTerminate sin resolver al que se hace referencia en la función main
Main_prac10.obj : error LNK2019: símbolo externo glfwWindowHint sin resolver al que se hace referencia en la función main
Main_prac10.obj : error LNK2019: símbolo externo glfwCreateWindow sin resolver al que se hace referencia en la función main
Main_prac10.obj : error LNK2019: símbolo externo glfwWindowShouldClose sin resolver al que se hace referencia en la función main
Main_prac10.obj : error LNK2019: símbolo externo glfwSetWindowShouldClose sin resolver al que se hace referencia en la función "void __cdecl KeyCallback(struct GLFWwindow *,int,int,int,int)" (?KeyCallback@@YAXPEAUGLFWwindow@@HHHH@Z)
Main_prac10.obj : error LNK2019: símbolo externo glfwGetFramebufferSize sin resolver al que se hace referencia en la función main
Main_prac10.obj : error LNK2019: símbolo externo glfwPollEvents sin resolver al que se hace referencia en la función main
Main_prac10.obj : error LNK2019: símbolo externo glfwSetInputMode sin resolver al que se hace referencia en la función main
Main_prac10.obj : error LNK2019: símbolo externo glfwSetKeyCallback sin resolver al que se hace referencia en la función main
Main_prac10.obj : error LNK2019: símbolo externo glfwSetCursorPosCallback sin resolver al que se hace referencia en la función main
Main_prac10.obj : error LNK2019: símbolo externo glfwGetTime sin resolver al que se hace referencia en la función main
Main_prac10.obj : error LNK2019: símbolo externo glfwMakeContextCurrent sin resolver al que se hace referencia en la función main
Main_prac10.obj : error LNK2019: símbolo externo glfwSwapBuffers sin resolver al que se hace referencia en la función main
Main_prac10.obj : error LNK2019: símbolo externo stbi_load sin resolver al que se hace referencia en la función "public: static unsigned int __cdecl TextureLoading::LoadCubemap(class std::vector<char const *,class std::allocator<char const *> >)" (?LoadCubemap@TextureLoading@@SAIV?$vector@PEBDV?$allocator@PEBD@std@@@std@@@Z)
Main_prac10.obj : error LNK2019: símbolo externo stbi_image_free sin resolver al que se hace referencia en la función "public: static unsigned int __cdecl TextureLoading::LoadCubemap(class std::vector<char const *,class std::allocator<char const *> >)" (?LoadCubemap@TextureLoading@@SAIV?$vector@PEBDV?$allocator@PEBD@std@@@std@@@Z)
Main_prac10.obj : error LNK2019: símbolo externo SOIL_load_image sin resolver al que se hace referencia en la función "int __cdecl TextureFromFile(char const *,class std::basic_string<char,struct std::char_traits<char>,class std::allocator<char> >)" (?TextureFromFile@@YAHPEBDV?$basic_string@DU?$char_traits@D@std@@V?$allocator@D@2@@std@@@Z)
Main_prac10.obj : error LNK2019: símbolo externo SOIL_free_image_data sin resolver al que se hace referencia en la función "int __cdecl TextureFromFile(char const *,class std::basic_string<char,struct std::char_traits<char>,class std::allocator<char> >)" (?TextureFromFile@@YAHPEBDV?$basic_string@DU?$char_traits@D@std@@V?$allocator@D@2@@std@@@Z)
Main_prac10.obj : error LNK2019: símbolo externo "public: __cdecl Assimp::Importer::Importer(void)" (??0Importer@Assimp@@QEAA@XZ) sin resolver al que se hace referencia en la función "private: void __cdecl Model::loadModel(class std::basic_string<char,struct std::char_traits<char>,class std::allocator<char> >)" (?loadModel@Model@@AEAAXV?$basic_string@DU?$char_traits@D@std@@V?$allocator@D@2@@std@@@Z)
Main_prac10.obj : error LNK2019: símbolo externo "public: __cdecl Assimp::Importer::~Importer(void)" (??1Importer@Assimp@@QEAA@XZ) sin resolver al que se hace referencia en la función "private: void __cdecl Model::loadModel(class std::basic_string<char,struct std::char_traits<char>,class std::allocator<char> >)" (?loadModel@Model@@AEAAXV?$basic_string@DU?$char_traits@D@std@@V?$allocator@D@2@@std@@@Z)
Main_prac10.obj : error LNK2019: símbolo externo "public: struct aiScene const * __cdecl Assimp::Importer::ReadFile(char const *,unsigned int)" (?ReadFile@Importer@Assimp@@QEAAPEBUaiScene@@PEBDI@Z) sin resolver al que se hace referencia en la función "public: struct aiScene const * __cdecl Assimp::Importer::ReadFile(class std::basic_string<char,struct std::char_traits<char>,class std::allocator<char> > const &,unsigned int)" (?ReadFile@Importer@Assimp@@QEAAPEBUaiScene@@AEBV?$basic_string@DU?$char_traits@D@std@@V?$allocator@D@2@@std@@I@Z)
Main_prac10.obj : error LNK2019: símbolo externo "public: char const * __cdecl Assimp::Importer::GetErrorString(void)const " (?GetErrorString@Importer@Assimp@@QEBAPEBDXZ) sin resolver al que se hace referencia en la función "private: void __cdecl Model::loadModel(class std::basic_string<char,struct std::char_traits<char>,class std::allocator<char> >)" (?loadModel@Model@@AEAAXV?$basic_string@DU?$char_traits@D@std@@V?$allocator@D@2@@std@@@Z)
Main_prac10.obj : error LNK2019: símbolo externo aiGetMaterialTextureCount sin resolver al que se hace referencia en la función "public: unsigned int __cdecl aiMaterial::GetTextureCount(enum aiTextureType)const " (?GetTextureCount@aiMaterial@@QEBAIW4aiTextureType@@@Z)
Main_prac10.obj : error LNK2019: símbolo externo aiGetMaterialTexture sin resolver al que se hace referencia en la función "public: enum aiReturn __cdecl aiMaterial::GetTexture(enum aiTextureType,unsigned int,struct aiString *,enum aiTextureMapping *,unsigned int *,float *,enum aiTextureOp *,enum aiTextureMapMode *)const " (?GetTexture@aiMaterial@@QEBA?AW4aiReturn@@W4aiTextureType@@IPEAUaiString@@PEAW4aiTextureMapping@@PEAIPEAMPEAW4aiTextureOp@@PEAW4aiTextureMapMode@@@Z)
Main_prac10.obj : error LNK2001: símbolo externo __imp___glewActiveTexture sin resolver
Main_prac10.obj : error LNK2001: símbolo externo __imp___glewBindBuffer sin resolver
Main_prac10.obj : error LNK2001: símbolo externo __imp___glewBufferData sin resolver
Main_prac10.obj : error LNK2001: símbolo externo __imp___glewDeleteBuffers sin resolver
Main_prac10.obj : error LNK2001: símbolo externo __imp___glewGenBuffers sin resolver
Main_prac10.obj : error LNK2001: símbolo externo __imp___glewAttachShader sin resolver
Main_prac10.obj : error LNK2001: símbolo externo __imp___glewCompileShader sin resolver
Main_prac10.obj : error LNK2001: símbolo externo __imp___glewCreateProgram sin resolver
Main_prac10.obj : error LNK2001: símbolo externo __imp___glewCreateShader sin resolver
Main_prac10.obj : error LNK2001: símbolo externo __imp___glewDeleteShader sin resolver
Main_prac10.obj : error LNK2001: símbolo externo __imp___glewEnableVertexAttribArray sin resolver
Main_prac10.obj : error LNK2001: símbolo externo __imp___glewGetProgramInfoLog sin resolver
Main_prac10.obj : error LNK2001: símbolo externo __imp___glewGetProgramiv sin resolver
Main_prac10.obj : error LNK2001: símbolo externo __imp___glewGetShaderInfoLog sin resolver
Main_prac10.obj : error LNK2001: símbolo externo __imp___glewGetShaderiv sin resolver
Main_prac10.obj : error LNK2001: símbolo externo __imp___glewGetUniformLocation sin resolver
Main_prac10.obj : error LNK2001: símbolo externo __imp___glewLinkProgram sin resolver
Main_prac10.obj : error LNK2001: símbolo externo __imp___glewShaderSource sin resolver
Main_prac10.obj : error LNK2001: símbolo externo __imp___glewUniform1f sin resolver
Main_prac10.obj : error LNK2001: símbolo externo __imp___glewUniform1i sin resolver
Main_prac10.obj : error LNK2001: símbolo externo __imp___glewUniform3f sin resolver
Main_prac10.obj : error LNK2001: símbolo externo __imp___glewUniformMatrix4fv sin resolver
Main_prac10.obj : error LNK2001: símbolo externo __imp___glewUseProgram sin resolver
Main_prac10.obj : error LNK2001: símbolo externo __imp___glewVertexAttribPointer sin resolver
Main_prac10.obj : error LNK2001: símbolo externo __imp___glewGenerateMipmap sin resolver
Main_prac10.obj : error LNK2001: símbolo externo __imp___glewBindVertexArray sin resolver
Main_prac10.obj : error LNK2001: símbolo externo __imp___glewDeleteVertexArrays sin resolver
Main_prac10.obj : error LNK2001: símbolo externo __imp___glewGenVertexArrays sin resolver
Main_prac10.obj : error LNK2001: símbolo externo __imp_glewExperimental sin resolver
C:\Users\adria\Desktop\p11\practica11\practica8\\External Libraries\SOIL2\lib\soil2-debug.lib : warning LNK4272: el tipo de máquina de biblioteca 'x86' está en conflicto con el tipo de máquina de destino 'x64'
C:\Users\adria\Desktop\p11\practica11\practica8\\External Libraries\assimp\lib\assimp-vc140-mt.lib : warning LNK4272: el tipo de máquina de biblioteca 'x86' está en conflicto con el tipo de máquina de destino 'x64'
C:\Users\adria\Desktop\p11\practica11\practica8\\External Libraries\GLEW\lib\Release\Win32\glew32.lib : warning LNK4272: el tipo de máquina de biblioteca 'x86' está en conflicto con el tipo de máquina de destino 'x64'
C:\Users\adria\Desktop\p11\practica11\practica8\\External Libraries\GLFW\lib-vc2015\glfw3.lib : warning LNK4272: el tipo de máquina de biblioteca 'x86' está en conflicto con el tipo de máquina de destino 'x64'
C:\Users\adria\Desktop\p11\practica11\practica8\x64\Debug\practica8.exe : fatal error LNK1120: 54 externos sin resolver
